<?xml version="1.0" encoding="UTF-8"?>
<!-- Generated by org.testng.reporters.JUnitXMLReporter -->
<testsuite ignored="1" hostname="QSP" failures="0" tests="7" name="Test" time="31.264" errors="0" timestamp="2021-11-11T07:56:54 IST">
  <testcase classname="testng.Testcase1" name="tc1" time="2.128"/>
  <testcase classname="testng.Testcase2" name="tc2" time="5.803"/>
  <testcase classname="testng.Test0" name="demo9" time="0.001"/>
  <testcase classname="testng.Test1" name="chats" time="0.007"/>
  <testcase classname="testng.Test1" name="call" time="0.002"/>
  <testcase classname="testng.Test1" name="call" time="0.004"/>
  <testcase classname="testng.Test1" name="call" time="0.008"/>
  <testcase classname="testng.Test1" name="settings" time="0.0">
    <ignored/>
  </testcase> <!-- settings -->
</testsuite> <!-- Test -->
