<?xml version="1.0" encoding="UTF-8"?>
<testng-results ignored="0" total="1" passed="1" failed="0" skipped="0">
  <reporter-output>
    <line>
      <![CDATA[Facebook – log in or sign up]]>
    </line>
    <line>
      <![CDATA[https://www.facebook.com/login/?privacy_mutation_token=eyJ0eXBlIjowLCJjcmVhdGlvbl90aW1lIjoxNjM2NjgzMzcxLCJjYWxsc2l0ZV9pZCI6MzgxMjI5MDc5NTc1OTQ2fQ%3D%3D]]>
    </line>
  </reporter-output>
  <suite started-at="2021-11-12T07:46:06 IST" name="Failed suite [Failed suite [Suite]]" finished-at="2021-11-12T07:46:22 IST" duration-ms="16156">
    <groups>
    </groups>
    <test started-at="2021-11-12T07:46:06 IST" name="Test(failed)(failed)" finished-at="2021-11-12T07:46:22 IST" duration-ms="16156">
      <class name="testng.Testcase1">
        <test-method is-config="true" signature="openApp()[pri:0, instance:testng.Testcase1@45ca843]" started-at="2021-11-12T07:46:06 IST" name="openApp" finished-at="2021-11-12T07:46:15 IST" duration-ms="9337" status="PASS">
          <reporter-output>
          </reporter-output>
        </test-method> <!-- openApp -->
        <test-method signature="tc1()[pri:0, instance:testng.Testcase1@45ca843]" started-at="2021-11-12T07:46:15 IST" name="tc1" finished-at="2021-11-12T07:46:17 IST" duration-ms="2438" status="PASS">
          <reporter-output>
            <line>
              <![CDATA[Facebook – log in or sign up]]>
            </line>
            <line>
              <![CDATA[https://www.facebook.com/login/?privacy_mutation_token=eyJ0eXBlIjowLCJjcmVhdGlvbl90aW1lIjoxNjM2NjgzMzcxLCJjYWxsc2l0ZV9pZCI6MzgxMjI5MDc5NTc1OTQ2fQ%3D%3D]]>
            </line>
          </reporter-output>
        </test-method> <!-- tc1 -->
        <test-method is-config="true" signature="closeApp()[pri:0, instance:testng.Testcase1@45ca843]" started-at="2021-11-12T07:46:17 IST" name="closeApp" finished-at="2021-11-12T07:46:22 IST" duration-ms="4300" status="PASS">
          <reporter-output>
          </reporter-output>
        </test-method> <!-- closeApp -->
      </class> <!-- testng.Testcase1 -->
    </test> <!-- Test(failed)(failed) -->
  </suite> <!-- Failed suite [Failed suite [Suite]] -->
</testng-results>
