<?xml version="1.0" encoding="UTF-8"?>
<testng-results ignored="1" total="8" passed="7" failed="0" skipped="0">
  <reporter-output>
    <line>
      <![CDATA[Facebook – log in or sign up]]>
    </line>
    <line>
      <![CDATA[https://www.facebook.com/login/?privacy_mutation_token=eyJ0eXBlIjowLCJjcmVhdGlvbl90aW1lIjoxNjM2NTk3NTg4LCJjYWxsc2l0ZV9pZCI6MzgxMjI5MDc5NTc1OTQ2fQ%3D%3D]]>
    </line>
    <line>
      <![CDATA[Forgotten Password | Can't Log In | Facebook]]>
    </line>
    <line>
      <![CDATA[https://www.facebook.com/login/identify/?ctx=recover&ars=facebook_login&from_login_screen=0]]>
    </line>
    <line>
      <![CDATA[hello selenium]]>
    </line>
    <line>
      <![CDATA[Hello java]]>
    </line>
    <line>
      <![CDATA[chats]]>
    </line>
    <line>
      <![CDATA[calls]]>
    </line>
    <line>
      <![CDATA[calls]]>
    </line>
    <line>
      <![CDATA[calls]]>
    </line>
  </reporter-output>
  <suite started-at="2021-11-11T07:56:23 IST" name="Suite" finished-at="2021-11-11T07:56:54 IST" duration-ms="31264">
    <groups>
    </groups>
    <test started-at="2021-11-11T07:56:23 IST" name="Test" finished-at="2021-11-11T07:56:54 IST" duration-ms="31264">
      <class name="testng.Test0">
        <test-method signature="demo9()[pri:0, instance:testng.Test0@ba54932]" started-at="2021-11-11T07:56:54 IST" name="demo9" finished-at="2021-11-11T07:56:54 IST" duration-ms="1" status="PASS">
          <reporter-output>
            <line>
              <![CDATA[hello selenium]]>
            </line>
            <line>
              <![CDATA[Hello java]]>
            </line>
          </reporter-output>
        </test-method> <!-- demo9 -->
      </class> <!-- testng.Test0 -->
      <class name="testng.Test1">
        <test-method signature="chats()[pri:-1, instance:testng.Test1@28975c28]" started-at="2021-11-11T07:56:54 IST" name="chats" finished-at="2021-11-11T07:56:54 IST" duration-ms="7" status="PASS">
          <reporter-output>
            <line>
              <![CDATA[chats]]>
            </line>
          </reporter-output>
        </test-method> <!-- chats -->
        <test-method signature="call()[pri:0, instance:testng.Test1@28975c28]" started-at="2021-11-11T07:56:54 IST" name="call" finished-at="2021-11-11T07:56:54 IST" duration-ms="2" status="PASS">
          <reporter-output>
            <line>
              <![CDATA[calls]]>
            </line>
          </reporter-output>
        </test-method> <!-- call -->
        <test-method signature="call()[pri:0, instance:testng.Test1@28975c28]" started-at="2021-11-11T07:56:54 IST" name="call" finished-at="2021-11-11T07:56:54 IST" duration-ms="4" status="PASS">
          <reporter-output>
            <line>
              <![CDATA[calls]]>
            </line>
          </reporter-output>
        </test-method> <!-- call -->
        <test-method signature="call()[pri:0, instance:testng.Test1@28975c28]" started-at="2021-11-11T07:56:54 IST" name="call" finished-at="2021-11-11T07:56:54 IST" duration-ms="8" status="PASS">
          <reporter-output>
            <line>
              <![CDATA[calls]]>
            </line>
          </reporter-output>
        </test-method> <!-- call -->
      </class> <!-- testng.Test1 -->
      <class name="testng.Testcase1">
        <test-method is-config="true" signature="openApp()[pri:0, instance:testng.Testcase1@36b4fe2a]" started-at="2021-11-11T07:56:23 IST" name="openApp" finished-at="2021-11-11T07:56:31 IST" duration-ms="8284" status="PASS">
          <reporter-output>
          </reporter-output>
        </test-method> <!-- openApp -->
        <test-method signature="tc1()[pri:0, instance:testng.Testcase1@36b4fe2a]" started-at="2021-11-11T07:56:31 IST" name="tc1" finished-at="2021-11-11T07:56:33 IST" duration-ms="2128" status="PASS">
          <reporter-output>
            <line>
              <![CDATA[Facebook – log in or sign up]]>
            </line>
            <line>
              <![CDATA[https://www.facebook.com/login/?privacy_mutation_token=eyJ0eXBlIjowLCJjcmVhdGlvbl90aW1lIjoxNjM2NTk3NTg4LCJjYWxsc2l0ZV9pZCI6MzgxMjI5MDc5NTc1OTQ2fQ%3D%3D]]>
            </line>
          </reporter-output>
        </test-method> <!-- tc1 -->
        <test-method is-config="true" signature="closeApp()[pri:0, instance:testng.Testcase1@36b4fe2a]" started-at="2021-11-11T07:56:33 IST" name="closeApp" finished-at="2021-11-11T07:56:38 IST" duration-ms="4208" status="PASS">
          <reporter-output>
          </reporter-output>
        </test-method> <!-- closeApp -->
      </class> <!-- testng.Testcase1 -->
      <class name="testng.Testcase2">
        <test-method is-config="true" signature="openApp()[pri:0, instance:testng.Testcase2@574b560f]" started-at="2021-11-11T07:56:38 IST" name="openApp" finished-at="2021-11-11T07:56:44 IST" duration-ms="6478" status="PASS">
          <reporter-output>
          </reporter-output>
        </test-method> <!-- openApp -->
        <test-method signature="tc2()[pri:0, instance:testng.Testcase2@574b560f]" started-at="2021-11-11T07:56:44 IST" name="tc2" finished-at="2021-11-11T07:56:50 IST" duration-ms="5803" status="PASS">
          <reporter-output>
            <line>
              <![CDATA[Forgotten Password | Can't Log In | Facebook]]>
            </line>
            <line>
              <![CDATA[https://www.facebook.com/login/identify/?ctx=recover&ars=facebook_login&from_login_screen=0]]>
            </line>
          </reporter-output>
        </test-method> <!-- tc2 -->
        <test-method is-config="true" signature="closeApp()[pri:0, instance:testng.Testcase2@574b560f]" started-at="2021-11-11T07:56:50 IST" name="closeApp" finished-at="2021-11-11T07:56:54 IST" duration-ms="4217" status="PASS">
          <reporter-output>
          </reporter-output>
        </test-method> <!-- closeApp -->
      </class> <!-- testng.Testcase2 -->
    </test> <!-- Test -->
  </suite> <!-- Suite -->
</testng-results>
